<?xml version="1.0" encoding="UTF-8"?>
<!-- Generated by org.testng.reporters.JUnitReportReporter -->
<testsuite hostname="LTB0221715-MAC.local" failures="0" tests="3" name="cucumber.Options.testNGRunner" time="4.407" errors="0" timestamp="2023-04-30T12:06:23 IST" skipped="0">
  <testcase classname="cucumber.Options.testNGRunner" name="runScenario" time="0.933"/>
  <system-out/>
  <testcase classname="cucumber.Options.testNGRunner" name="runScenario" time="1.211"/>
  <system-out/>
  <testcase classname="cucumber.Options.testNGRunner" name="runScenario" time="2.263"/>
  <system-out/>
</testsuite> <!-- cucumber.Options.testNGRunner -->
