<?xml version="1.0" encoding="UTF-8"?>
<!-- Generated by org.testng.reporters.JUnitReportReporter -->
<testsuite hostname="LTB0221715-MAC.local" failures="0" tests="3" name="cucumber.Options.testNGRunner" time="5.902" errors="0" timestamp="2023-05-02T17:16:04 IST" skipped="0">
  <testcase classname="cucumber.Options.testNGRunner" name="runScenario" time="1.818"/>
  <system-out/>
  <testcase classname="cucumber.Options.testNGRunner" name="runScenario" time="2.818"/>
  <system-out/>
  <testcase classname="cucumber.Options.testNGRunner" name="runScenario" time="1.266"/>
  <system-out/>
</testsuite> <!-- cucumber.Options.testNGRunner -->
